*** Using Compiler 'V6.12', folder: 'C:\Keil_v5\ARM\ARMCLANG\Bin'
Build target 'Target 1'
compiling GlobalKey.c...
compiling template.c...
compiling BoardSetup.c...
compiling gmouse_lld_FT6x06.c...
compiling gdisp_lld_ILI9341.c...
compiling superloopDisplay.c...
compiling Spi1.c...
compiling main.c...
compiling i2c2.c...
compiling battery.c...
compiling SuperLoop_Comm2.c...
compiling DriverBQ28z610.c...
compiling DRIVERBQ25703.c...
compiling DriverTPS65982_6.c...
compiling SuperLoop_Player.c...
compiling i2c_API.c...
compiling regBQ25703A.c...
compiling mainFSM.c...
compiling i2c1.c...
compiling I2C_COMMON.c...
compiling superloop_ACC.c...
compiling board_PowerModes.c...
compiling SL_CommModbus.c...
compiling mbascii.c...
compiling mbcrc.c...
compiling mb.c...
compiling mbfuncdiag.c...
compiling mbfunccoils.c...
compiling mbfuncdisc.c...
compiling mbfuncholding.c...
compiling mbfuncinput.c...
compiling mbfuncother.c...
compiling mbrtu.c...
compiling mbtcp.c...
compiling portevent.c...
compiling mbutils.c...
compiling porttimer.c...
compiling gfx_mk.c...
compiling portserial.c...
compiling tim1.c...
compiling spiffs_cache.c...
compiling spiffs_gc.c...
compiling spiffs_check.c...
compiling spiffs_hydrogen.c...
compiling spiffs.c...
assembling startup_stm32g070xx.s...
compiling system_stm32g0xx.c...
compiling spiffs_nucleus.c...
linking...
Program Size: Code=57240 RO-data=6592 RW-data=176 ZI-data=13440  
FromELF: creating hex file...
".\Objects\gen-g070-release.axf" - 0 Error(s), 0 Warning(s).
Build Time Elapsed:  00:00:07
